<?xml version="1.0" encoding="UTF-8"?>
<testsuite xmlns:xsi="http://www.w3.org/2001/XMLSchema-instance" xsi:noNamespaceSchemaLocation="https://maven.apache.org/surefire/maven-surefire-plugin/xsd/surefire-test-report.xsd" version="3.0.2" name="com.divy.sanlam.SanlamApplicationTests" time="6.58" tests="1" errors="0" skipped="0" failures="0">
  <properties>
[...]
</properties>
  <testcase name="contextLoads" classname="com.divy.sanlam.SanlamApplicationTests" time="1.343">
    <system-out><![CDATA[Standard Commons Logging discovery in action with spring-jcl: please remove commons-logging.jar from classpath in order to avoid potential conflicts
12:43:33.758 [main] INFO org.springframework.test.context.support.AnnotationConfigContextLoaderUtils -- Could not detect default configuration classes for test class [com.divy.sanlam.SanlamApplicationTests]: SanlamApplicationTests does not declare any static, non-private, non-final, nested classes annotated with @Configuration.
12:43:33.967 [main] INFO org.springframework.boot.test.context.SpringBootTestContextBootstrapper -- Found @SpringBootConfiguration com.divy.sanlam.SanlamApplication for test class com.divy.sanlam.SanlamApplicationTests

  .   ____          _            __ _ _
 /\\ / ___'_ __ _ _(_)_ __  __ _ \ \ \ \
( ( )\___ | '_ | '_| | '_ \/ _` | \ \ \ \
 \\/  ___)| |_)| | | | | || (_| |  ) ) ) )
  '  |____| .__|_| |_|_| |_\__, | / / / /
 =========|_|==============|___/=/_/_/_/

 :: Spring Boot ::                (v3.4.4)

2025-04-13T12:43:34.730+02:00  INFO 69764 --- [sanlam] [           main] com.divy.sanlam.SanlamApplicationTests   : Starting SanlamApplicationTests using Java 17.0.10 with PID 69764 (started by divyan.chetty in /Users/divyan.chetty/workspace/sanlam-assessment)
2025-04-13T12:43:34.733+02:00  INFO 69764 --- [sanlam] [           main] com.divy.sanlam.SanlamApplicationTests   : No active profile set, falling back to 1 default profile: "default"
2025-04-13T12:43:36.103+02:00  INFO 69764 --- [sanlam] [           main] com.zaxxer.hikari.HikariDataSource       : HikariPool-1 - Starting...
2025-04-13T12:43:36.552+02:00  INFO 69764 --- [sanlam] [           main] com.zaxxer.hikari.pool.HikariPool        : HikariPool-1 - Added connection conn0: url=jdbc:h2:mem:testdb user=SA
2025-04-13T12:43:36.558+02:00  INFO 69764 --- [sanlam] [           main] com.zaxxer.hikari.HikariDataSource       : HikariPool-1 - Start completed.
2025-04-13T12:43:38.552+02:00  INFO 69764 --- [sanlam] [           main] o.s.b.a.h2.H2ConsoleAutoConfiguration    : H2 console available at '/h2-console'. Database available at 'jdbc:h2:mem:testdb'
2025-04-13T12:43:38.662+02:00  INFO 69764 --- [sanlam] [           main] com.divy.sanlam.SanlamApplicationTests   : Started SanlamApplicationTests in 4.402 seconds (process running for 6.131)
]]></system-out>
  </testcase>
</testsuite>